{"/Users/ezengaston/Documents/Projects/Java Script Learning/Set Up/javascriptProjects/customDatabase/Table.js": {"path":"/Users/ezengaston/Documents/Projects/Java Script Learning/Set Up/javascriptProjects/customDatabase/Table.js","statementMap":{"0":{"start":{"line":1,"column":23},"end":{"line":1,"column":38}},"1":{"start":{"line":2,"column":11},"end":{"line":2,"column":24}},"2":{"start":{"line":3,"column":31},"end":{"line":3,"column":73}},"3":{"start":{"line":5,"column":0},"end":{"line":47,"column":2}},"4":{"start":{"line":7,"column":4},"end":{"line":7,"column":31}},"5":{"start":{"line":11,"column":4},"end":{"line":11,"column":41}},"6":{"start":{"line":15,"column":25},"end":{"line":15,"column":53}},"7":{"start":{"line":16,"column":4},"end":{"line":35,"column":7}},"8":{"start":{"line":17,"column":6},"end":{"line":34,"column":11}},"9":{"start":{"line":19,"column":10},"end":{"line":23,"column":11}},"10":{"start":{"line":20,"column":12},"end":{"line":20,"column":22}},"11":{"start":{"line":22,"column":12},"end":{"line":22,"column":22}},"12":{"start":{"line":26,"column":10},"end":{"line":33,"column":12}},"13":{"start":{"line":30,"column":14},"end":{"line":30,"column":39}},"14":{"start":{"line":30,"column":25},"end":{"line":30,"column":39}},"15":{"start":{"line":31,"column":14},"end":{"line":31,"column":36}},"16":{"start":{"line":39,"column":4},"end":{"line":45,"column":7}},"17":{"start":{"line":40,"column":6},"end":{"line":44,"column":9}},"18":{"start":{"line":41,"column":8},"end":{"line":41,"column":77}},"19":{"start":{"line":41,"column":19},"end":{"line":41,"column":77}},"20":{"start":{"line":43,"column":8},"end":{"line":43,"column":34}}},"fnMap":{"0":{"name":"(anonymous_0)","decl":{"start":{"line":6,"column":2},"end":{"line":6,"column":3}},"loc":{"start":{"line":6,"column":25},"end":{"line":8,"column":3}},"line":6},"1":{"name":"(anonymous_1)","decl":{"start":{"line":10,"column":2},"end":{"line":10,"column":3}},"loc":{"start":{"line":10,"column":17},"end":{"line":12,"column":3}},"line":10},"2":{"name":"(anonymous_2)","decl":{"start":{"line":14,"column":2},"end":{"line":14,"column":3}},"loc":{"start":{"line":14,"column":23},"end":{"line":36,"column":3}},"line":14},"3":{"name":"(anonymous_3)","decl":{"start":{"line":16,"column":23},"end":{"line":16,"column":24}},"loc":{"start":{"line":16,"column":44},"end":{"line":35,"column":5}},"line":16},"4":{"name":"(anonymous_4)","decl":{"start":{"line":18,"column":15},"end":{"line":18,"column":16}},"loc":{"start":{"line":18,"column":22},"end":{"line":24,"column":9}},"line":18},"5":{"name":"(anonymous_5)","decl":{"start":{"line":25,"column":14},"end":{"line":25,"column":15}},"loc":{"start":{"line":25,"column":24},"end":{"line":34,"column":9}},"line":25},"6":{"name":"(anonymous_6)","decl":{"start":{"line":29,"column":12},"end":{"line":29,"column":13}},"loc":{"start":{"line":29,"column":23},"end":{"line":32,"column":13}},"line":29},"7":{"name":"(anonymous_7)","decl":{"start":{"line":38,"column":2},"end":{"line":38,"column":3}},"loc":{"start":{"line":38,"column":13},"end":{"line":46,"column":3}},"line":38},"8":{"name":"(anonymous_8)","decl":{"start":{"line":39,"column":23},"end":{"line":39,"column":24}},"loc":{"start":{"line":39,"column":44},"end":{"line":45,"column":5}},"line":39},"9":{"name":"(anonymous_9)","decl":{"start":{"line":40,"column":33},"end":{"line":40,"column":34}},"loc":{"start":{"line":40,"column":50},"end":{"line":44,"column":7}},"line":40}},"branchMap":{"0":{"loc":{"start":{"line":19,"column":10},"end":{"line":23,"column":11}},"type":"if","locations":[{"start":{"line":19,"column":10},"end":{"line":23,"column":11}},{"start":{"line":21,"column":17},"end":{"line":23,"column":11}}],"line":19},"1":{"loc":{"start":{"line":30,"column":14},"end":{"line":30,"column":39}},"type":"if","locations":[{"start":{"line":30,"column":14},"end":{"line":30,"column":39}},{"start":{},"end":{}}],"line":30},"2":{"loc":{"start":{"line":41,"column":8},"end":{"line":41,"column":77}},"type":"if","locations":[{"start":{"line":41,"column":8},"end":{"line":41,"column":77}},{"start":{},"end":{}}],"line":41}},"s":{"0":4,"1":4,"2":4,"3":4,"4":8,"5":6,"6":2,"7":2,"8":2,"9":1,"10":1,"11":0,"12":2,"13":2,"14":0,"15":2,"16":4,"17":4,"18":4,"19":2,"20":2},"f":{"0":8,"1":6,"2":2,"3":2,"4":1,"5":2,"6":2,"7":4,"8":4,"9":4},"b":{"0":[1,0],"1":[0,2],"2":[2,2]},"_coverageSchema":"1a1c01bbd47fc00a2c39e90264f33305004495a9","hash":"3f9e10009097542db630c74d18eb71662e70406b"}
,"/Users/ezengaston/Documents/Projects/Java Script Learning/Set Up/javascriptProjects/customDatabase/commands/InsertCommand.js": {"path":"/Users/ezengaston/Documents/Projects/Java Script Learning/Set Up/javascriptProjects/customDatabase/commands/InsertCommand.js","statementMap":{"0":{"start":{"line":1,"column":14},"end":{"line":1,"column":33}},"1":{"start":{"line":3,"column":0},"end":{"line":12,"column":2}},"2":{"start":{"line":5,"column":4},"end":{"line":5,"column":38}},"3":{"start":{"line":6,"column":4},"end":{"line":6,"column":25}},"4":{"start":{"line":10,"column":4},"end":{"line":10,"column":54}}},"fnMap":{"0":{"name":"(anonymous_0)","decl":{"start":{"line":4,"column":2},"end":{"line":4,"column":3}},"loc":{"start":{"line":4,"column":37},"end":{"line":7,"column":3}},"line":4},"1":{"name":"(anonymous_1)","decl":{"start":{"line":9,"column":2},"end":{"line":9,"column":3}},"loc":{"start":{"line":9,"column":18},"end":{"line":11,"column":3}},"line":9}},"branchMap":{},"s":{"0":2,"1":2,"2":2,"3":2,"4":1},"f":{"0":2,"1":1},"b":{},"_coverageSchema":"1a1c01bbd47fc00a2c39e90264f33305004495a9","hash":"86749a385aee272cf4d291bfc5bc79c97b954996"}
,"/Users/ezengaston/Documents/Projects/Java Script Learning/Set Up/javascriptProjects/customDatabase/commands/SelectCommand.js": {"path":"/Users/ezengaston/Documents/Projects/Java Script Learning/Set Up/javascriptProjects/customDatabase/commands/SelectCommand.js","statementMap":{"0":{"start":{"line":1,"column":14},"end":{"line":1,"column":33}},"1":{"start":{"line":2,"column":13},"end":{"line":2,"column":35}},"2":{"start":{"line":4,"column":0},"end":{"line":19,"column":2}},"3":{"start":{"line":6,"column":4},"end":{"line":6,"column":38}},"4":{"start":{"line":7,"column":4},"end":{"line":7,"column":27}},"5":{"start":{"line":8,"column":4},"end":{"line":8,"column":33}},"6":{"start":{"line":12,"column":17},"end":{"line":12,"column":44}},"7":{"start":{"line":13,"column":4},"end":{"line":13,"column":37}},"8":{"start":{"line":13,"column":25},"end":{"line":13,"column":37}},"9":{"start":{"line":15,"column":4},"end":{"line":17,"column":7}},"10":{"start":{"line":16,"column":6},"end":{"line":16,"column":40}}},"fnMap":{"0":{"name":"(anonymous_0)","decl":{"start":{"line":5,"column":2},"end":{"line":5,"column":3}},"loc":{"start":{"line":5,"column":50},"end":{"line":9,"column":3}},"line":5},"1":{"name":"(anonymous_1)","decl":{"start":{"line":11,"column":2},"end":{"line":11,"column":3}},"loc":{"start":{"line":11,"column":18},"end":{"line":18,"column":3}},"line":11},"2":{"name":"(anonymous_2)","decl":{"start":{"line":15,"column":20},"end":{"line":15,"column":21}},"loc":{"start":{"line":15,"column":32},"end":{"line":17,"column":5}},"line":15}},"branchMap":{"0":{"loc":{"start":{"line":13,"column":4},"end":{"line":13,"column":37}},"type":"if","locations":[{"start":{"line":13,"column":4},"end":{"line":13,"column":37}},{"start":{},"end":{}}],"line":13}},"s":{"0":1,"1":1,"2":1,"3":2,"4":2,"5":2,"6":0,"7":0,"8":0,"9":0,"10":0},"f":{"0":2,"1":0,"2":0},"b":{"0":[0,0]},"_coverageSchema":"1a1c01bbd47fc00a2c39e90264f33305004495a9","hash":"7ebca2077783451f518fb624304388100a2eea35"}
,"/Users/ezengaston/Documents/Projects/Java Script Learning/Set Up/javascriptProjects/customDatabase/errors/TableDoesNotExistError.js": {"path":"/Users/ezengaston/Documents/Projects/Java Script Learning/Set Up/javascriptProjects/customDatabase/errors/TableDoesNotExistError.js","statementMap":{"0":{"start":{"line":3,"column":4},"end":{"line":3,"column":21}},"1":{"start":{"line":4,"column":4},"end":{"line":4,"column":41}},"2":{"start":{"line":8,"column":0},"end":{"line":8,"column":40}}},"fnMap":{"0":{"name":"(anonymous_0)","decl":{"start":{"line":2,"column":2},"end":{"line":2,"column":3}},"loc":{"start":{"line":2,"column":25},"end":{"line":5,"column":3}},"line":2}},"branchMap":{},"s":{"0":2,"1":2,"2":4},"f":{"0":2},"b":{},"_coverageSchema":"1a1c01bbd47fc00a2c39e90264f33305004495a9","hash":"da488141b4e83fc6a4508c05508a5884aa2f0c71"}
,"/Users/ezengaston/Documents/Projects/Java Script Learning/Set Up/javascriptProjects/customDatabase/parsers/insert.js": {"path":"/Users/ezengaston/Documents/Projects/Java Script Learning/Set Up/javascriptProjects/customDatabase/parsers/insert.js","statementMap":{"0":{"start":{"line":1,"column":22},"end":{"line":1,"column":58}},"1":{"start":{"line":2,"column":22},"end":{"line":2,"column":55}},"2":{"start":{"line":4,"column":23},"end":{"line":4,"column":31}},"3":{"start":{"line":5,"column":29},"end":{"line":5,"column":35}},"4":{"start":{"line":6,"column":14},"end":{"line":8,"column":1}},"5":{"start":{"line":11,"column":21},"end":{"line":11,"column":47}},"6":{"start":{"line":12,"column":2},"end":{"line":12,"column":33}},"7":{"start":{"line":12,"column":26},"end":{"line":12,"column":33}},"8":{"start":{"line":14,"column":17},"end":{"line":14,"column":56}},"9":{"start":{"line":15,"column":2},"end":{"line":15,"column":29}},"10":{"start":{"line":15,"column":22},"end":{"line":15,"column":29}},"11":{"start":{"line":17,"column":20},"end":{"line":17,"column":47}},"12":{"start":{"line":19,"column":2},"end":{"line":19,"column":50}},"13":{"start":{"line":22,"column":0},"end":{"line":22,"column":36}}},"fnMap":{"0":{"name":"parseInsertCommand","decl":{"start":{"line":10,"column":9},"end":{"line":10,"column":27}},"loc":{"start":{"line":10,"column":43},"end":{"line":20,"column":1}},"line":10}},"branchMap":{"0":{"loc":{"start":{"line":12,"column":2},"end":{"line":12,"column":33}},"type":"if","locations":[{"start":{"line":12,"column":2},"end":{"line":12,"column":33}},{"start":{},"end":{}}],"line":12},"1":{"loc":{"start":{"line":15,"column":2},"end":{"line":15,"column":29}},"type":"if","locations":[{"start":{"line":15,"column":2},"end":{"line":15,"column":29}},{"start":{},"end":{}}],"line":15}},"s":{"0":1,"1":1,"2":1,"3":1,"4":1,"5":5,"6":5,"7":3,"8":2,"9":2,"10":1,"11":1,"12":1,"13":1},"f":{"0":5},"b":{"0":[3,2],"1":[1,1]},"_coverageSchema":"1a1c01bbd47fc00a2c39e90264f33305004495a9","hash":"a1c9f1cbd1d4977c77ca9aa0bccb79959617f1ab"}
,"/Users/ezengaston/Documents/Projects/Java Script Learning/Set Up/javascriptProjects/customDatabase/parsers/select.js": {"path":"/Users/ezengaston/Documents/Projects/Java Script Learning/Set Up/javascriptProjects/customDatabase/parsers/select.js","statementMap":{"0":{"start":{"line":1,"column":22},"end":{"line":1,"column":58}},"1":{"start":{"line":3,"column":23},"end":{"line":3,"column":31}},"2":{"start":{"line":4,"column":29},"end":{"line":4,"column":35}},"3":{"start":{"line":5,"column":28},"end":{"line":5,"column":31}},"4":{"start":{"line":6,"column":14},"end":{"line":8,"column":1}},"5":{"start":{"line":11,"column":21},"end":{"line":11,"column":47}},"6":{"start":{"line":12,"column":2},"end":{"line":12,"column":33}},"7":{"start":{"line":12,"column":26},"end":{"line":12,"column":33}},"8":{"start":{"line":14,"column":18},"end":{"line":17,"column":38}},"9":{"start":{"line":17,"column":24},"end":{"line":17,"column":37}},"10":{"start":{"line":18,"column":2},"end":{"line":18,"column":35}},"11":{"start":{"line":18,"column":28},"end":{"line":18,"column":35}},"12":{"start":{"line":20,"column":20},"end":{"line":20,"column":47}},"13":{"start":{"line":22,"column":2},"end":{"line":26,"column":5}},"14":{"start":{"line":29,"column":0},"end":{"line":29,"column":36}}},"fnMap":{"0":{"name":"parseSelectCommand","decl":{"start":{"line":10,"column":9},"end":{"line":10,"column":27}},"loc":{"start":{"line":10,"column":43},"end":{"line":27,"column":1}},"line":10},"1":{"name":"(anonymous_1)","decl":{"start":{"line":17,"column":12},"end":{"line":17,"column":13}},"loc":{"start":{"line":17,"column":24},"end":{"line":17,"column":37}},"line":17}},"branchMap":{"0":{"loc":{"start":{"line":12,"column":2},"end":{"line":12,"column":33}},"type":"if","locations":[{"start":{"line":12,"column":2},"end":{"line":12,"column":33}},{"start":{},"end":{}}],"line":12},"1":{"loc":{"start":{"line":18,"column":2},"end":{"line":18,"column":35}},"type":"if","locations":[{"start":{"line":18,"column":2},"end":{"line":18,"column":35}},{"start":{},"end":{}}],"line":18}},"s":{"0":1,"1":1,"2":1,"3":1,"4":1,"5":7,"6":7,"7":4,"8":3,"9":5,"10":3,"11":1,"12":2,"13":2,"14":1},"f":{"0":7,"1":5},"b":{"0":[4,3],"1":[1,2]},"_coverageSchema":"1a1c01bbd47fc00a2c39e90264f33305004495a9","hash":"02a80bc5364de4361839907cc7d65c44224ec24b"}
,"/Users/ezengaston/Documents/Projects/Java Script Learning/Set Up/javascriptProjects/customDatabase/utils/safeParseJSON.js": {"path":"/Users/ezengaston/Documents/Projects/Java Script Learning/Set Up/javascriptProjects/customDatabase/utils/safeParseJSON.js","statementMap":{"0":{"start":{"line":1,"column":0},"end":{"line":7,"column":2}},"1":{"start":{"line":2,"column":2},"end":{"line":6,"column":3}},"2":{"start":{"line":3,"column":4},"end":{"line":3,"column":30}},"3":{"start":{"line":5,"column":4},"end":{"line":5,"column":11}}},"fnMap":{"0":{"name":"safeParseJSON","decl":{"start":{"line":1,"column":26},"end":{"line":1,"column":39}},"loc":{"start":{"line":1,"column":48},"end":{"line":7,"column":1}},"line":1}},"branchMap":{},"s":{"0":1,"1":2,"2":2,"3":1},"f":{"0":2},"b":{},"_coverageSchema":"1a1c01bbd47fc00a2c39e90264f33305004495a9","hash":"378b7542d7a3fb764f3b400512a50682a1acc217"}
}
