TN:
SF:Table.js
FN:6,(anonymous_0)
FN:10,(anonymous_1)
FN:14,(anonymous_2)
FN:15,(anonymous_3)
FN:16,(anonymous_4)
FN:23,(anonymous_5)
FN:25,(anonymous_6)
FN:27,(anonymous_7)
FN:34,(anonymous_8)
FN:38,(anonymous_9)
FN:47,(anonymous_10)
FN:48,(anonymous_11)
FN:49,(anonymous_12)
FNF:13
FNH:13
FNDA:16,(anonymous_0)
FNDA:8,(anonymous_1)
FNDA:2,(anonymous_2)
FNDA:2,(anonymous_3)
FNDA:2,(anonymous_4)
FNDA:2,(anonymous_5)
FNDA:2,(anonymous_6)
FNDA:1,(anonymous_7)
FNDA:2,(anonymous_8)
FNDA:2,(anonymous_9)
FNDA:4,(anonymous_10)
FNDA:4,(anonymous_11)
FNDA:4,(anonymous_12)
DA:1,7
DA:2,7
DA:3,7
DA:5,7
DA:7,16
DA:11,8
DA:15,2
DA:16,2
DA:17,2
DA:18,2
DA:24,2
DA:25,2
DA:26,2
DA:28,1
DA:29,1
DA:31,0
DA:35,2
DA:39,2
DA:40,2
DA:48,4
DA:49,4
DA:50,4
DA:52,2
LF:23
LH:22
BRDA:17,0,0,0
BRDA:17,0,1,2
BRDA:28,1,0,1
BRDA:28,1,1,0
BRDA:39,2,0,0
BRDA:39,2,1,2
BRDA:50,3,0,2
BRDA:50,3,1,2
BRF:8
BRH:5
end_of_record
TN:
SF:commands/InsertCommand.js
FN:4,(anonymous_0)
FN:9,(anonymous_1)
FNF:2
FNH:2
FNDA:2,(anonymous_0)
FNDA:1,(anonymous_1)
DA:1,2
DA:3,2
DA:5,2
DA:6,2
DA:10,1
LF:5
LH:5
BRF:0
BRH:0
end_of_record
TN:
SF:commands/SelectCommand.js
FN:5,(anonymous_0)
FN:11,(anonymous_1)
FN:16,(anonymous_2)
FNF:3
FNH:3
FNDA:5,(anonymous_0)
FNDA:3,(anonymous_1)
FNDA:2,(anonymous_2)
DA:1,2
DA:2,2
DA:4,2
DA:6,5
DA:7,5
DA:8,5
DA:12,3
DA:13,3
DA:14,3
DA:16,1
DA:17,2
LF:11
LH:11
BRDA:13,0,0,1
BRDA:13,0,1,2
BRDA:14,1,0,2
BRDA:14,1,1,1
BRF:4
BRH:4
end_of_record
TN:
SF:commands/UpdateCommand.js
FN:4,(anonymous_0)
FN:9,(anonymous_1)
FN:16,(anonymous_2)
FNF:3
FNH:3
FNDA:3,(anonymous_0)
FNDA:2,(anonymous_1)
FNDA:4,(anonymous_2)
DA:1,2
DA:3,2
DA:5,3
DA:6,3
DA:10,2
DA:11,2
DA:13,2
DA:14,2
DA:16,2
DA:17,4
DA:18,3
DA:19,3
DA:20,3
DA:22,1
DA:24,2
DA:25,2
LF:16
LH:16
BRDA:13,0,0,1
BRDA:13,0,1,1
BRDA:17,1,0,3
BRDA:17,1,1,1
BRF:4
BRH:4
end_of_record
TN:
SF:commands/WhereCommand.js
FN:4,(anonymous_0)
FN:8,(anonymous_1)
FN:9,(anonymous_2)
FNF:3
FNH:3
FNDA:4,(anonymous_0)
FNDA:3,(anonymous_1)
FNDA:8,(anonymous_2)
DA:1,2
DA:3,2
DA:5,4
DA:9,3
DA:10,8
LF:5
LH:5
BRF:0
BRH:0
end_of_record
TN:
SF:errors/TableDoesNotExistError.js
FN:2,(anonymous_0)
FNF:1
FNH:1
FNDA:2,(anonymous_0)
DA:3,2
DA:4,2
DA:8,7
LF:3
LH:3
BRF:0
BRH:0
end_of_record
TN:
SF:parsers/insert.js
FN:10,parseInsertCommand
FNF:1
FNH:1
FNDA:5,parseInsertCommand
DA:1,1
DA:2,1
DA:4,1
DA:5,1
DA:6,1
DA:11,5
DA:12,5
DA:14,2
DA:15,2
DA:17,1
DA:19,1
DA:22,1
LF:12
LH:12
BRDA:12,0,0,3
BRDA:12,0,1,2
BRDA:15,1,0,1
BRDA:15,1,1,1
BRF:4
BRH:4
end_of_record
TN:
SF:parsers/select.js
FN:10,parseSelectCommand
FN:17,(anonymous_1)
FNF:2
FNH:2
FNDA:7,parseSelectCommand
FNDA:5,(anonymous_1)
DA:1,1
DA:3,1
DA:4,1
DA:5,1
DA:6,1
DA:11,7
DA:12,7
DA:14,3
DA:17,5
DA:18,3
DA:20,2
DA:22,2
DA:29,1
LF:13
LH:13
BRDA:12,0,0,4
BRDA:12,0,1,3
BRDA:18,1,0,1
BRDA:18,1,1,2
BRF:4
BRH:4
end_of_record
TN:
SF:parsers/update.js
FN:10,parseUpdateCommand
FNF:1
FNH:1
FNDA:6,parseUpdateCommand
DA:1,1
DA:2,1
DA:4,1
DA:5,1
DA:6,1
DA:11,6
DA:12,6
DA:14,2
DA:15,2
DA:17,1
DA:19,1
DA:22,1
LF:12
LH:12
BRDA:12,0,0,4
BRDA:12,0,1,2
BRDA:15,1,0,1
BRDA:15,1,1,1
BRF:4
BRH:4
end_of_record
TN:
SF:parsers/where.js
FN:7,parseWhereCommand
FNF:1
FNH:1
FNDA:4,parseWhereCommand
DA:1,1
DA:2,1
DA:4,1
DA:5,1
DA:8,4
DA:9,4
DA:11,2
DA:12,2
DA:14,1
DA:17,1
LF:10
LH:10
BRDA:9,0,0,2
BRDA:9,0,1,2
BRDA:12,1,0,1
BRDA:12,1,1,1
BRF:4
BRH:4
end_of_record
TN:
SF:utils/safeParseJSON.js
FN:1,safeParseJSON
FNF:1
FNH:1
FNDA:6,safeParseJSON
DA:1,3
DA:2,6
DA:3,6
DA:5,3
LF:4
LH:4
BRF:0
BRH:0
end_of_record
