TN:
SF:Table.js
FN:6,(anonymous_0)
FN:10,(anonymous_1)
FN:14,(anonymous_2)
FN:16,(anonymous_3)
FN:18,(anonymous_4)
FN:25,(anonymous_5)
FN:29,(anonymous_6)
FN:38,(anonymous_7)
FN:39,(anonymous_8)
FN:40,(anonymous_9)
FNF:10
FNH:10
FNDA:11,(anonymous_0)
FNDA:6,(anonymous_1)
FNDA:2,(anonymous_2)
FNDA:2,(anonymous_3)
FNDA:1,(anonymous_4)
FNDA:2,(anonymous_5)
FNDA:2,(anonymous_6)
FNDA:4,(anonymous_7)
FNDA:4,(anonymous_8)
FNDA:4,(anonymous_9)
DA:1,5
DA:2,5
DA:3,5
DA:5,5
DA:7,11
DA:11,6
DA:15,2
DA:16,2
DA:17,2
DA:19,1
DA:20,1
DA:22,0
DA:26,2
DA:30,2
DA:31,2
DA:39,4
DA:40,4
DA:41,4
DA:43,2
LF:19
LH:18
BRDA:19,0,0,1
BRDA:19,0,1,0
BRDA:30,1,0,0
BRDA:30,1,1,2
BRDA:41,2,0,2
BRDA:41,2,1,2
BRF:6
BRH:4
end_of_record
TN:
SF:commands/InsertCommand.js
FN:4,(anonymous_0)
FN:9,(anonymous_1)
FNF:2
FNH:2
FNDA:2,(anonymous_0)
FNDA:1,(anonymous_1)
DA:1,2
DA:3,2
DA:5,2
DA:6,2
DA:10,1
LF:5
LH:5
BRF:0
BRH:0
end_of_record
TN:
SF:commands/SelectCommand.js
FN:5,(anonymous_0)
FN:11,(anonymous_1)
FN:16,(anonymous_2)
FNF:3
FNH:3
FNDA:5,(anonymous_0)
FNDA:3,(anonymous_1)
FNDA:2,(anonymous_2)
DA:1,2
DA:2,2
DA:4,2
DA:6,5
DA:7,5
DA:8,5
DA:12,3
DA:13,3
DA:14,3
DA:16,1
DA:17,2
LF:11
LH:11
BRDA:13,0,0,1
BRDA:13,0,1,2
BRDA:14,1,0,2
BRDA:14,1,1,1
BRF:4
BRH:4
end_of_record
TN:
SF:commands/WhereCommand.js
FN:4,(anonymous_0)
FN:8,(anonymous_1)
FN:9,(anonymous_2)
FNF:3
FNH:3
FNDA:4,(anonymous_0)
FNDA:3,(anonymous_1)
FNDA:8,(anonymous_2)
DA:1,2
DA:3,2
DA:5,4
DA:9,3
DA:10,8
LF:5
LH:5
BRF:0
BRH:0
end_of_record
TN:
SF:errors/TableDoesNotExistError.js
FN:2,(anonymous_0)
FNF:1
FNH:1
FNDA:2,(anonymous_0)
DA:3,2
DA:4,2
DA:8,5
LF:3
LH:3
BRF:0
BRH:0
end_of_record
TN:
SF:parsers/insert.js
FN:10,parseInsertCommand
FNF:1
FNH:1
FNDA:5,parseInsertCommand
DA:1,1
DA:2,1
DA:4,1
DA:5,1
DA:6,1
DA:11,5
DA:12,5
DA:14,2
DA:15,2
DA:17,1
DA:19,1
DA:22,1
LF:12
LH:12
BRDA:12,0,0,3
BRDA:12,0,1,2
BRDA:15,1,0,1
BRDA:15,1,1,1
BRF:4
BRH:4
end_of_record
TN:
SF:parsers/select.js
FN:10,parseSelectCommand
FN:17,(anonymous_1)
FNF:2
FNH:2
FNDA:7,parseSelectCommand
FNDA:5,(anonymous_1)
DA:1,1
DA:3,1
DA:4,1
DA:5,1
DA:6,1
DA:11,7
DA:12,7
DA:14,3
DA:17,5
DA:18,3
DA:20,2
DA:22,2
DA:29,1
LF:13
LH:13
BRDA:12,0,0,4
BRDA:12,0,1,3
BRDA:18,1,0,1
BRDA:18,1,1,2
BRF:4
BRH:4
end_of_record
TN:
SF:parsers/where.js
FN:7,parseWhereCommand
FNF:1
FNH:1
FNDA:4,parseWhereCommand
DA:1,1
DA:2,1
DA:4,1
DA:5,1
DA:8,4
DA:9,4
DA:11,2
DA:12,2
DA:14,1
DA:17,1
LF:10
LH:10
BRDA:9,0,0,2
BRDA:9,0,1,2
BRDA:12,1,0,1
BRDA:12,1,1,1
BRF:4
BRH:4
end_of_record
TN:
SF:utils/safeParseJSON.js
FN:1,safeParseJSON
FNF:1
FNH:1
FNDA:4,safeParseJSON
DA:1,2
DA:2,4
DA:3,4
DA:5,2
LF:4
LH:4
BRF:0
BRH:0
end_of_record
